2024-03-05 at 14:22:29 MSK
Новый текстовый документ — копия.txt
Кудрявцев Артем Адександрович

2024-03-05 at 14:35:35 MSK
Новый текстовый документ — копия.txt
2024-02-33 10:37:51
Кудрявцев Артем Адександрович

2024-03-05 at 14:36:19 MSK
Новый текстовый документ — копия.txt
2024-02-33 10:37:51
Кудрявцев Артем Адександрович

2024-03-05 at 14:38:57 MSK
Новый текстовый документ — копия.txt
2024-02-33 10:37:51
Кудрявцев Артем Адександрович

2024-03-05 at 14:43:48 MSK
Новый текстовый документ — копия.txt
2024-02-33 10:37:51
Кудрявцев Артем Адександрович

2024-03-05 at 15:01:33 MSK
Новый текстовый документ — копия.txt
2024-02-33 10:37:51
Кудрявцев Артем Адександрович

2024-03-05 at 15:03:28 MSK
Новый текстовый документ — копия.txt
2024-02-33 10:37:51
Кудрявцев Артем Адександрович

2024-03-05 at 15:20:04 MSK
Новый текстовый документ — копия.txt
2024-02-33 10:37:51
Кудрявцев Артем Адександрович

2024-03-05 at 15:33:11 MSK
Новый текстовый документ — копия.txt
2024-02-33 10:37:51
Кудрявцев Артем Адександрович

2024-03-05 at 15:44:44 MSK
Новый текстовый документ — копия.txt
2024-02-33 10:37:51
Кудрявцев Артем Адександрович

2024-03-05 at 15:56:07 MSK
Новый текстовый документ — копия.txt
2024-02-33 10:37:51
Кудрявцев Артем Адександрович

2024-03-05 at 16:09:09 MSK
Новый текстовый документ — копия.txt
2024-02-33 10:37:51
Кудрявцев Артем Адександрович

2024-03-05 at 16:15:20 MSK
Новый текстовый документ — копия.txt
2024-02-33 10:37:51
Кудрявцев Артем Адександрович

2024-03-05 at 16:17:03 MSK
Новый текстовый документ — копия.txt
2024-02-33 10:37:51
Кудрявцев Артем Адександрович

2024-03-05 at 16:17:38 MSK
Новый текстовый документ — копия.txt
2024-02-33 10:37:51
Кудрявцев Артем Адександрович

2024-03-05 at 16:20:31 MSK
Новый текстовый документ — копия.txt
2024-02-33 10:37:51
Кудрявцев Артем Адександрович

2024-03-05 at 16:23:16 MSK
Новый текстовый документ — копия.txt
2024-02-33 10:37:51
Кудрявцев Артем Адександрович

2024-03-05 at 16:32:46 MSK
Новый текстовый документ — копия.txt
2024-02-33 10:37:51
Кудрявцев Артем Адександрович

2024-03-05 at 16:56:21 MSK
Новый текстовый документ — копия.txt
2024-02-33 10:37:51
Кудрявцев Артем Адександрович

2024-03-05 at 17:00:36 MSK
Новый текстовый документ — копия.txt
2024-02-33 10:37:51
Кудрявцев Артем Адександрович

2024-03-05 at 17:14:32 MSK
Новый текстовый документ — копия.txt
2024-02-33 10:37:51
Кудрявцев Артем Адександрович

2024-03-05 at 17:15:08 MSK
Новый текстовый документ — копия.txt
2024-02-33 10:37:51
Кудрявцев Артем Адександрович

2024-03-06 at 17:39:04 MSK
Новый текстовый документ — копия.txt
2024-02-33 10:37:51
Кудрявцев Артем Адександрович

2024-03-06 at 17:40:14 MSK
Новый текстовый документ — копия.txt
2024-02-33 10:37:51
Кудрявцев Артем Адександрович

2024-03-06 at 18:28:59 MSK
Новый текстовый документ — копия.txt
2024-02-33 10:37:51
Кудрявцев Артем Адександрович

2024-03-06 at 18:33:27 MSK
Новый текстовый документ — копия.txt
2024-02-33 10:37:51
Кудрявцев Артем Адександрович

2024-03-06 at 18:36:47 MSK
Новый текстовый документ — копия.txt
2024-02-33 10:37:51
Кудрявцев Артем Адександрович

2024-03-06 at 19:01:28 MSK
Новый текстовый документ — копия.txt
2024-02-33 10:37:51
Кудрявцев Артем Адександрович

2024-03-06 at 19:02:05 MSK
Новый текстовый документ — копия.txt
2024-02-33 10:37:51
Кудрявцев Артем Адександрович

2024-03-06 at 19:02:32 MSK
Новый текстовый документ — копия.txt
2024-02-33 10:37:51
Кудрявцев Артем Адександрович

2024-03-06 at 19:24:21 MSK
Новый текстовый документ — копия.txt
2024-02-33 10:37:51
Кудрявцев Артем Адександрович

2024-03-06 at 19:40:50 MSK
Новый текстовый документ — копия.txt
2024-02-33 10:37:51
Кудрявцев Артем Адександрович

2024-03-06 at 21:03:31 MSK
Новый текстовый документ — копия.txt
2024-02-33 10:37:51
Кудрявцев Артем Адександрович

2024-03-06 at 21:13:21 MSK
Новый текстовый документ — копия.txt
2024-02-33 10:37:51
Кудрявцев Артем Адександрович

2024-03-06 at 21:15:09 MSK
Новый текстовый документ — копия.txt
2024-02-33 10:37:51
Кудрявцев Артем Адександрович

2024-03-06 at 21:35:40 MSK
Новый текстовый документ — копия.txt
2024-02-33 10:37:51
Кудрявцев Артем Адександрович

2024-03-06 at 21:37:24 MSK
Новый текстовый документ — копия.txt
2024-02-33 10:37:51
Кудрявцев Артем Адександрович

2024-03-06 at 21:42:34 MSK
Новый текстовый документ — копия.txt
2024-02-33 10:37:51
Кудрявцев Артем Адександрович

2024-03-06 at 21:42:34 MSK
Новый текстовый документ — копия.txt
2024-02-33 10:37:51
Кудрявцев Артем Адександрович

2024-03-06 at 21:45:27 MSK
Новый текстовый документ — копия.txt
2024-02-33 10:37:51
Кудрявцев Артем Адександрович

2024-03-06 at 21:45:28 MSK
Новый текстовый документ — копия.txt
2024-02-33 10:37:51
Кудрявцев Артем Адександрович

2024-03-06 at 21:49:11 MSK
Новый текстовый документ — копия.txt
2024-02-33 10:37:51
Кудрявцев Артем Адександрович

2024-03-06 at 21:50:44 MSK
Новый текстовый документ — копия.txt
2024-02-33 10:37:51
Кудрявцев Артем Адександрович

2024-03-06 at 21:50:45 MSK
Новый текстовый документ — копия.txt
2024-02-33 10:37:51
Кудрявцев Артем Адександрович

2024-03-06 at 21:51:50 MSK
Новый текстовый документ — копия.txt
2024-02-33 10:37:51
Кудрявцев Артем Адександрович

2024-03-06 at 21:51:51 MSK
Новый текстовый документ — копия.txt
2024-02-33 10:37:51
Кудрявцев Артем Адександрович

2024-03-06 at 22:15:20 MSK
Новый текстовый документ — копия.txt
2024-02-33 10:37:51
Кудрявцев Артем Адександрович

2024-03-06 at 22:15:21 MSK
Новый текстовый документ — копия.txt
2024-02-33 10:37:51
Кудрявцев Артем Адександрович

2024-03-07 at 11:13:25 MSK
Новый текстовый документ3.txt
2024-01-37 10:35:51
Айвазян ирина батьковна

2024-03-07 at 11:14:09 MSK
Новый текстовый документ3.txt
2024-01-37 10:35:51
Айвазян ирина батьковна

2024-03-07 at 11:14:09 MSK
Новый текстовый документ3.txt

Айвазян ирина батьковна

2024-03-07 at 11:20:27 MSK
Новый текстовый документ3.txt
2024-01-37 10:35:51
Айвазян ирина батьковна

2024-03-07 at 11:20:27 MSK
Новый текстовый документ3.txt

Айвазян ирина батьковна

2024-03-07 at 11:20:48 MSK
Новый текстовый документ3.txt
2024-01-37 10:35:51
Айвазян ирина батьковна

2024-03-07 at 11:20:48 MSK
Новый текстовый документ3.txt

Айвазян ирина батьковна

2024-03-07 at 11:26:02 MSK
Новый текстовый документ3.txt
2024-01-37 10:35:51
Айвазян ирина батьковна

2024-03-07 at 11:26:02 MSK
Новый текстовый документ3.txt

Айвазян ирина батьковна

2024-03-07 at 11:26:07 MSK
Новый текстовый документ — копия.txt
2024-02-33 10:37:51
Кудрявцев Артем Адександрович

2024-03-07 at 11:26:08 MSK
Новый текстовый документ — копия.txt
2024-02-33 10:37:51
Кудрявцев Артем Адександрович

2024-03-07 at 11:26:09 MSK
Новый текстовый документ — копия.txt
2024-02-33 10:37:51
Кудрявцев Артем Адександрович

2024-03-07 at 11:28:42 MSK
Новый текстовый документ — копия.txt
2024-02-33 10:37:51
Кудрявцев Артем Адександрович

2024-03-07 at 11:28:43 MSK
Новый текстовый документ — копия.txt
2024-02-33 10:37:51
Кудрявцев Артем Адександрович

2024-03-07 at 11:28:43 MSK
Новый текстовый документ — копия.txt
2024-02-33 10:37:51
Кудрявцев Артем Адександрович

2024-03-07 at 11:28:44 MSK
Новый текстовый документ3.txt
2024-01-37 10:35:51
Айвазян ирина батьковна

2024-03-07 at 11:28:44 MSK
Новый текстовый документ3.txt

Айвазян ирина батьковна

2024-03-07 at 11:30:46 MSK
Новый текстовый документ — копия.txt
2024-02-33 10:37:51
Кудрявцев Артем Адександрович

2024-03-07 at 11:30:46 MSK
Новый текстовый документ — копия.txt
2024-02-33 10:37:51
Кудрявцев Артем Адександрович

2024-03-07 at 11:30:47 MSK
Новый текстовый документ — копия.txt
2024-02-33 10:37:51
Кудрявцев Артем Адександрович

2024-03-07 at 11:30:48 MSK
Новый текстовый документ3.txt
2024-01-37 10:35:51
Айвазян ирина батьковна

2024-03-07 at 11:30:48 MSK
Новый текстовый документ3.txt

Айвазян ирина батьковна

2024-03-07 at 11:36:39 MSK
Новый текстовый документ — копия.txt
2024-02-33 10:37:51
Кудрявцев Артем Адександрович

2024-03-07 at 11:36:39 MSK
Новый текстовый документ — копия.txt
2024-02-33 10:37:51
Кудрявцев Артем Адександрович

2024-03-07 at 11:36:40 MSK
Новый текстовый документ — копия.txt
2024-02-33 10:37:51
Кудрявцев Артем Адександрович

2024-03-07 at 11:36:41 MSK
Новый текстовый документ3.txt
2024-01-37 10:35:51
Айвазян ирина батьковна

2024-03-07 at 11:36:41 MSK
Новый текстовый документ3.txt

Айвазян ирина батьковна

2024-03-07 at 11:41:21 MSK
Новый текстовый документ — копия.txt
2024-02-33 10:37:51
Кудрявцев Артем Адександрович

2024-03-07 at 11:46:19 MSK
Новый текстовый документ — копия.txt
2024-02-33 10:37:51
Кудрявцев Артем Адександрович

2024-03-07 at 11:51:20 MSK
Новый текстовый документ — копия.txt
2024-02-33 10:37:51
Кудрявцев Артем Адександрович

2024-03-07 at 13:06:11 MSK
Новый текстовый документ — копия.txt
2024-02-33 10:37:51
Кудрявцев Артем Адександрович

2024-03-07 at 13:06:12 MSK
Новый текстовый документ — копия.txt
2024-02-33 10:37:51
Кудрявцев Артем Адександрович

2024-03-07 at 13:06:13 MSK
Новый текстовый документ — копия.txt
2024-02-33 10:37:51
Кудрявцев Артем Адександрович

2024-03-07 at 13:06:14 MSK
Новый текстовый документ3.txt
2024-01-37 10:35:51
Айвазян ирина батьковна

2024-03-07 at 13:06:14 MSK
Новый текстовый документ3.txt

Айвазян ирина батьковна

2024-03-07 at 13:06:42 MSK
Новый текстовый документ — копия.txt
2024-02-33 10:37:51
Кудрявцев Артем Адександрович

2024-03-07 at 13:06:43 MSK
Новый текстовый документ — копия.txt
2024-02-33 10:37:51
Кудрявцев Артем Адександрович

2024-03-07 at 13:06:44 MSK
Новый текстовый документ — копия.txt
2024-02-33 10:37:51
Кудрявцев Артем Адександрович

2024-03-07 at 13:06:45 MSK
Новый текстовый документ3.txt
2024-01-37 10:35:51
Айвазян ирина батьковна

2024-03-07 at 13:06:45 MSK
Новый текстовый документ3.txt

Айвазян ирина батьковна

2024-03-07 at 13:09:47 MSK
Новый текстовый документ — копия.txt
2024-02-33 10:37:51
Кудрявцев Артем Адександрович

2024-03-07 at 13:09:48 MSK
Новый текстовый документ — копия.txt
2024-02-33 10:37:51
Кудрявцев Артем Адександрович

2024-03-07 at 13:09:49 MSK
Новый текстовый документ — копия.txt
2024-02-33 10:37:51
Кудрявцев Артем Адександрович

2024-03-07 at 13:09:49 MSK
Новый текстовый документ3.txt
2024-01-37 10:35:51
Айвазян ирина батьковна

2024-03-07 at 13:09:49 MSK
Новый текстовый документ3.txt

Айвазян ирина батьковна

2024-03-07 at 14:06:34 MSK
Новый текстовый документ — копия.txt
2024-02-33 10:37:51
Кудрявцев Артем Адександрович

2024-03-07 at 14:06:35 MSK
Новый текстовый документ — копия.txt
2024-02-33 10:37:51
Кудрявцев Артем Адександрович

2024-03-07 at 14:06:36 MSK
Новый текстовый документ — копия.txt
2024-02-33 10:37:51
Кудрявцев Артем Адександрович

2024-03-07 at 14:06:37 MSK
Новый текстовый документ3.txt
2024-01-37 10:35:51
Айвазян ирина батьковна

2024-03-07 at 14:06:37 MSK
Новый текстовый документ3.txt

Айвазян ирина батьковна

2024-03-07 at 14:09:11 MSK
Новый текстовый документ3.txt
2024-01-37 10:35:51
Айвазян ирина батьковна

2024-03-07 at 14:09:11 MSK
Новый текстовый документ3.txt

Айвазян ирина батьковна

2024-03-07 at 14:09:55 MSK
Новый текстовый документ — копия.txt
2024-02-33 10:37:51
Кудрявцев Артем Адександрович

2024-03-07 at 14:09:56 MSK
Новый текстовый документ — копия.txt
2024-02-33 10:37:51
Кудрявцев Артем Адександрович

2024-03-07 at 14:09:57 MSK
Новый текстовый документ — копия.txt
2024-02-33 10:37:51
Кудрявцев Артем Адександрович

2024-03-07 at 14:09:58 MSK
Новый текстовый документ3.txt
2024-01-37 10:35:51
Айвазян ирина батьковна

2024-03-07 at 14:09:58 MSK
Новый текстовый документ3.txt

Айвазян ирина батьковна

2024-03-07 at 14:17:56 MSK
Новый текстовый документ3.txt
2024-01-37 10:35:51
Айвазян ирина батьковна

2024-03-07 at 14:17:56 MSK
Новый текстовый документ3.txt

Айвазян ирина батьковна

2024-03-07 at 14:18:27 MSK
Новый текстовый документ — копия.txt
2024-02-33 10:37:51
Кудрявцев Артем Адександрович

2024-03-07 at 14:18:27 MSK
Новый текстовый документ — копия.txt
2024-02-33 10:37:51
Кудрявцев Артем Адександрович

2024-03-07 at 14:18:28 MSK
Новый текстовый документ — копия.txt
2024-02-33 10:37:51
Кудрявцев Артем Адександрович

2024-03-07 at 14:18:29 MSK
Новый текстовый документ3.txt
2024-01-37 10:35:51
Айвазян ирина батьковна

2024-03-07 at 14:18:29 MSK
Новый текстовый документ3.txt

Айвазян ирина батьковна

